Start testing: Feb 13 11:10 MST
----------------------------------------------------------
4/4 Testing: eosio_wrap_unit_test
4/4 Test: eosio_wrap_unit_test
Command: "/Users/jafri/eosio_contracts/tests/unit_test" "--run_test=eosio_wrap_tests" "--report_level=detailed" "--color_output"
Directory: /Users/jafri/eosio_contracts/tests
"eosio_wrap_unit_test" start time: Feb 13 11:10 MST
Output:
----------------------------------------------------------
Random number generator seeded to 1581617433
Running 4 test cases...

Test module "Master Test Suite" has passed with:
  4 test cases out of 4 passed
  30 assertions out of 30 passed

  Test suite "eosio_wrap_tests" has passed with:
    4 test cases out of 4 passed
    30 assertions out of 30 passed

    Test case "eosio_wrap_tests/wrap_exec_direct" has passed with:
      6 assertions out of 6 passed

    Test case "eosio_wrap_tests/wrap_with_msig" has passed with:
      10 assertions out of 10 passed

    Test case "eosio_wrap_tests/wrap_with_msig_unapprove" has passed with:
      2 assertions out of 2 passed

    Test case "eosio_wrap_tests/wrap_with_msig_producers_change" has passed with:
      12 assertions out of 12 passed

<end of output>
Test time =   2.30 sec
----------------------------------------------------------
Test Passed.
"eosio_wrap_unit_test" end time: Feb 13 11:10 MST
"eosio_wrap_unit_test" time elapsed: 00:00:02
----------------------------------------------------------

3/4 Testing: eosio_token_unit_test
3/4 Test: eosio_token_unit_test
Command: "/Users/jafri/eosio_contracts/tests/unit_test" "--run_test=eosio_token_tests" "--report_level=detailed" "--color_output"
Directory: /Users/jafri/eosio_contracts/tests
"eosio_token_unit_test" start time: Feb 13 11:10 MST
Output:
----------------------------------------------------------
Random number generator seeded to 1581617433
Running 10 test cases...

Test module "Master Test Suite" has passed with:
  10 test cases out of 10 passed
  128 assertions out of 128 passed

  Test suite "eosio_token_tests" has passed with:
    10 test cases out of 10 passed
    128 assertions out of 128 passed

    Test case "eosio_token_tests/create_tests" has passed with:
      5 assertions out of 5 passed

    Test case "eosio_token_tests/create_negative_max_supply" has passed with:
      2 assertions out of 2 passed

    Test case "eosio_token_tests/symbol_already_exists" has passed with:
      6 assertions out of 6 passed

    Test case "eosio_token_tests/create_max_supply" has passed with:
      6 assertions out of 6 passed

    Test case "eosio_token_tests/create_max_decimals" has passed with:
      6 assertions out of 6 passed

    Test case "eosio_token_tests/issue_tests" has passed with:
      13 assertions out of 13 passed

    Test case "eosio_token_tests/retire_tests" has passed with:
      33 assertions out of 33 passed

    Test case "eosio_token_tests/transfer_tests" has passed with:
      18 assertions out of 18 passed

    Test case "eosio_token_tests/open_tests" has passed with:
      23 assertions out of 23 passed

    Test case "eosio_token_tests/close_tests" has passed with:
      16 assertions out of 16 passed

<end of output>
Test time =   4.28 sec
----------------------------------------------------------
Test Passed.
"eosio_token_unit_test" end time: Feb 13 11:10 MST
"eosio_token_unit_test" time elapsed: 00:00:04
----------------------------------------------------------

1/4 Testing: eosio_msig_unit_test
1/4 Test: eosio_msig_unit_test
Command: "/Users/jafri/eosio_contracts/tests/unit_test" "--run_test=eosio_msig_tests" "--report_level=detailed" "--color_output"
Directory: /Users/jafri/eosio_contracts/tests
"eosio_msig_unit_test" start time: Feb 13 11:10 MST
Output:
----------------------------------------------------------
Random number generator seeded to 1581617433
Running 14 test cases...

Test module "Master Test Suite" has passed with:
  14 test cases out of 14 passed
  106 assertions out of 106 passed

  Test suite "eosio_msig_tests" has passed with:
    14 test cases out of 14 passed
    106 assertions out of 106 passed

    Test case "eosio_msig_tests/propose_approve_execute" has passed with:
      8 assertions out of 8 passed

    Test case "eosio_msig_tests/propose_approve_unapprove" has passed with:
      5 assertions out of 5 passed

    Test case "eosio_msig_tests/propose_approve_by_two" has passed with:
      9 assertions out of 9 passed

    Test case "eosio_msig_tests/propose_with_wrong_requested_auth" has passed with:
      2 assertions out of 2 passed

    Test case "eosio_msig_tests/big_transaction" has passed with:
      8 assertions out of 8 passed

    Test case "eosio_msig_tests/update_system_contract_all_approve" has passed with:
      12 assertions out of 12 passed

    Test case "eosio_msig_tests/update_system_contract_major_approve" has passed with:
      13 assertions out of 13 passed

    Test case "eosio_msig_tests/propose_approve_invalidate" has passed with:
      6 assertions out of 6 passed

    Test case "eosio_msig_tests/propose_invalidate_approve" has passed with:
      9 assertions out of 9 passed

    Test case "eosio_msig_tests/approve_execute_old" has passed with:
      7 assertions out of 7 passed

    Test case "eosio_msig_tests/approve_unapprove_old" has passed with:
      5 assertions out of 5 passed

    Test case "eosio_msig_tests/approve_by_two_old" has passed with:
      9 assertions out of 9 passed

    Test case "eosio_msig_tests/approve_with_hash" has passed with:
      8 assertions out of 8 passed

    Test case "eosio_msig_tests/switch_proposal_and_fail_approve_with_hash" has passed with:
      5 assertions out of 5 passed

<end of output>
Test time =   6.45 sec
----------------------------------------------------------
Test Passed.
"eosio_msig_unit_test" end time: Feb 13 11:10 MST
"eosio_msig_unit_test" time elapsed: 00:00:06
----------------------------------------------------------

2/4 Testing: eosio_system_unit_test
2/4 Test: eosio_system_unit_test
Command: "/Users/jafri/eosio_contracts/tests/unit_test" "--run_test=eosio_system_tests" "--report_level=detailed" "--color_output"
Directory: /Users/jafri/eosio_contracts/tests
"eosio_system_unit_test" start time: Feb 13 11:10 MST
Output:
----------------------------------------------------------
Random number generator seeded to 1581617433
Running 78 test cases...

Test module "Master Test Suite" has passed with:
  78 test cases out of 78 passed
  13488 assertions out of 13488 passed

  Test suite "eosio_system_tests" has passed with:
    78 test cases out of 78 passed
    13488 assertions out of 13488 passed

    Test case "eosio_system_tests/buysell" has passed with:
      83 assertions out of 83 passed

    Test case "eosio_system_tests/stake_unstake" has passed with:
      44 assertions out of 44 passed

    Test case "eosio_system_tests/stake_unstake_with_transfer" has passed with:
      36 assertions out of 36 passed

    Test case "eosio_system_tests/stake_to_self_with_transfer" has passed with:
      9 assertions out of 9 passed

    Test case "eosio_system_tests/stake_while_pending_refund" has passed with:
      36 assertions out of 36 passed

    Test case "eosio_system_tests/fail_without_auth" has passed with:
      13 assertions out of 13 passed

    Test case "eosio_system_tests/stake_negative" has passed with:
      10 assertions out of 10 passed

    Test case "eosio_system_tests/unstake_negative" has passed with:
      14 assertions out of 14 passed

    Test case "eosio_system_tests/unstake_more_than_at_stake" has passed with:
      17 assertions out of 17 passed

    Test case "eosio_system_tests/delegate_to_another_user" has passed with:
      38 assertions out of 38 passed

    Test case "eosio_system_tests/stake_unstake_separate" has passed with:
      28 assertions out of 28 passed

    Test case "eosio_system_tests/adding_stake_partial_unstake" has passed with:
      36 assertions out of 36 passed

    Test case "eosio_system_tests/stake_from_refund" has passed with:
      68 assertions out of 68 passed

    Test case "eosio_system_tests/stake_to_another_user_not_from_refund" has passed with:
      27 assertions out of 27 passed

    Test case "eosio_system_tests/producer_register_unregister" has passed with:
      29 assertions out of 29 passed

    Test case "eosio_system_tests/producer_wtmsig" has passed with:
      24 assertions out of 24 passed

    Test case "eosio_system_tests/producer_wtmsig_transition" has passed with:
      24 assertions out of 24 passed

    Test case "eosio_system_tests/vote_for_producer" has passed with:
      48 assertions out of 48 passed

    Test case "eosio_system_tests/unregistered_producer_voting" has passed with:
      17 assertions out of 17 passed

    Test case "eosio_system_tests/more_than_30_producer_voting" has passed with:
      11 assertions out of 11 passed

    Test case "eosio_system_tests/vote_same_producer_30_times" has passed with:
      14 assertions out of 14 passed

    Test case "eosio_system_tests/producer_keep_votes" has passed with:
      25 assertions out of 25 passed

    Test case "eosio_system_tests/vote_for_two_producers" has passed with:
      25 assertions out of 25 passed

    Test case "eosio_system_tests/proxy_register_unregister_keeps_stake" has passed with:
      39 assertions out of 39 passed

    Test case "eosio_system_tests/proxy_stake_unstake_keeps_proxy_flag" has passed with:
      32 assertions out of 32 passed

    Test case "eosio_system_tests/proxy_actions_affect_producers" has passed with:
      55 assertions out of 55 passed

    Test case "eosio_system_tests/producer_pay" has passed with:
      2237 assertions out of 2237 passed

    Test case "eosio_system_tests/change_inflation" has passed with:
      6589 assertions out of 6589 passed

    Test case "eosio_system_tests/extreme_inflation" has passed with:
      20 assertions out of 20 passed

    Test case "eosio_system_tests/multiple_producer_pay" has passed with:
      250 assertions out of 250 passed

    Test case "eosio_system_tests/multiple_producer_votepay_share" has passed with:
      291 assertions out of 291 passed

    Test case "eosio_system_tests/votepay_share_invariant" has passed with:
      40 assertions out of 40 passed

    Test case "eosio_system_tests/votepay_share_proxy" has passed with:
      79 assertions out of 79 passed

    Test case "eosio_system_tests/votepay_share_update_order" has passed with:
      30 assertions out of 30 passed

    Test case "eosio_system_tests/votepay_transition" has passed with:
      54 assertions out of 54 passed

    Test case "eosio_system_tests/votepay_transition2" has passed with:
      48 assertions out of 48 passed

    Test case "eosio_system_tests/producers_upgrade_system_contract" has passed with:
      121 assertions out of 121 passed

    Test case "eosio_system_tests/producer_onblock_check" has passed with:
      86 assertions out of 86 passed

    Test case "eosio_system_tests/voters_actions_affect_proxy_and_producers" has passed with:
      74 assertions out of 74 passed

    Test case "eosio_system_tests/vote_both_proxy_and_producers" has passed with:
      16 assertions out of 16 passed

    Test case "eosio_system_tests/select_invalid_proxy" has passed with:
      9 assertions out of 9 passed

    Test case "eosio_system_tests/double_register_unregister_proxy_keeps_votes" has passed with:
      32 assertions out of 32 passed

    Test case "eosio_system_tests/proxy_cannot_use_another_proxy" has passed with:
      18 assertions out of 18 passed

    Test case "eosio_system_tests/elect_producers" has passed with:
      36 assertions out of 36 passed

    Test case "eosio_system_tests/buyname" has passed with:
      20 assertions out of 20 passed

    Test case "eosio_system_tests/bid_invalid_names" has passed with:
      9 assertions out of 9 passed

    Test case "eosio_system_tests/multiple_namebids" has passed with:
      65 assertions out of 65 passed

    Test case "eosio_system_tests/namebid_pending_winner" has passed with:
      11 assertions out of 11 passed

    Test case "eosio_system_tests/vote_producers_in_and_out" has passed with:
      136 assertions out of 136 passed

    Test case "eosio_system_tests/setparams" has passed with:
      121 assertions out of 121 passed

    Test case "eosio_system_tests/setram_effect" has passed with:
      24 assertions out of 24 passed

    Test case "eosio_system_tests/ram_inflation" has passed with:
      31 assertions out of 31 passed

    Test case "eosio_system_tests/eosioram_ramusage" has passed with:
      16 assertions out of 16 passed

    Test case "eosio_system_tests/ram_gift" has passed with:
      91 assertions out of 91 passed

    Test case "eosio_system_tests/rex_auth" has passed with:
      46 assertions out of 46 passed

    Test case "eosio_system_tests/buy_sell_rex" has passed with:
      94 assertions out of 94 passed

    Test case "eosio_system_tests/buy_sell_small_rex" has passed with:
      50 assertions out of 50 passed

    Test case "eosio_system_tests/unstake_buy_rex" has passed with:
      193 assertions out of 193 passed

    Test case "eosio_system_tests/buy_rent_rex" has passed with:
      103 assertions out of 103 passed

    Test case "eosio_system_tests/buy_sell_sell_rex" has passed with:
      68 assertions out of 68 passed

    Test case "eosio_system_tests/buy_sell_claim_rex" has passed with:
      138 assertions out of 138 passed

    Test case "eosio_system_tests/rex_loans" has passed with:
      121 assertions out of 121 passed

    Test case "eosio_system_tests/rex_loan_checks" has passed with:
      44 assertions out of 44 passed

    Test case "eosio_system_tests/ramfee_namebid_to_rex" has passed with:
      77 assertions out of 77 passed

    Test case "eosio_system_tests/rex_maturity" has passed with:
      143 assertions out of 143 passed

    Test case "eosio_system_tests/rex_savings" has passed with:
      229 assertions out of 229 passed

    Test case "eosio_system_tests/update_rex" has passed with:
      186 assertions out of 186 passed

    Test case "eosio_system_tests/update_rex_vote" has passed with:
      190 assertions out of 190 passed

    Test case "eosio_system_tests/deposit_rex_fund" has passed with:
      40 assertions out of 40 passed

    Test case "eosio_system_tests/rex_lower_bound" has passed with:
      38 assertions out of 38 passed

    Test case "eosio_system_tests/close_rex" has passed with:
      113 assertions out of 113 passed

    Test case "eosio_system_tests/set_rex" has passed with:
      46 assertions out of 46 passed

    Test case "eosio_system_tests/b1_vesting" has passed with:
      56 assertions out of 56 passed

    Test case "eosio_system_tests/rex_return" has passed with:
      109 assertions out of 109 passed

    Test case "eosio_system_tests/setabi_bios" has passed with:
      3 assertions out of 3 passed

    Test case "eosio_system_tests/setabi" has passed with:
      7 assertions out of 7 passed

    Test case "eosio_system_tests/change_limited_account_back_to_unlimited" has passed with:
      20 assertions out of 20 passed

    Test case "eosio_system_tests/buy_pin_sell_ram" has passed with:
      18 assertions out of 18 passed

<end of output>
Test time = 172.04 sec
----------------------------------------------------------
Test Passed.
"eosio_system_unit_test" end time: Feb 13 11:13 MST
"eosio_system_unit_test" time elapsed: 00:02:52
----------------------------------------------------------

End testing: Feb 13 11:13 MST
